<!DOCTYPE html>

<html>
  <head>
  <meta charset='utf-8'>
  <title>TestNG reports</title>

    <link type="text/css" href="testng-reports.css" rel="stylesheet" />
    <script type="text/javascript" src="jquery-1.7.1.min.js"></script>
    <script type="text/javascript" src="testng-reports.js"></script>
    <script type="text/javascript" src="https://www.google.com/jsapi"></script>
    <script type='text/javascript'>
      google.load('visualization', '1', {packages:['table']});
      google.setOnLoadCallback(drawTable);
      var suiteTableInitFunctions = new Array();
      var suiteTableData = new Array();
    </script>
    <!--
      <script type="text/javascript" src="jquery-ui/js/jquery-ui-1.8.16.custom.min.js"></script>
     -->
  </head>

  <body>
    <div class="top-banner-root">
      <span class="top-banner-title-font">Test results</span>
      <br/>
      <span class="top-banner-font-1">1 suite, 10 failed tests</span>
    </div> <!-- top-banner-root -->
    <div class="navigator-root">
      <div class="navigator-suite-header">
        <span>All suites</span>
        <a href="#" class="collapse-all-link" title="Collapse/expand all the suites">
          <img class="collapse-all-icon" src="collapseall.gif">
          </img> <!-- collapse-all-icon -->
        </a> <!-- collapse-all-link -->
      </div> <!-- navigator-suite-header -->
      <div class="suite">
        <div class="rounded-window">
          <div class="suite-header light-rounded-window-top">
            <a href="#" class="navigator-link" panel-name="suite-SmokeTestSuite">
              <span class="suite-name border-failed">SmokeTestSuite</span>
            </a> <!-- navigator-link -->
          </div> <!-- suite-header light-rounded-window-top -->
          <div class="navigator-suite-content">
            <div class="suite-section-title">
              <span>Info</span>
            </div> <!-- suite-section-title -->
            <div class="suite-section-content">
              <ul>
                <li>
                  <a href="#" class="navigator-link " panel-name="test-xml-SmokeTestSuite">
                    <span>D:\Workspace\Market-IT-Place\testng.xml</span>
                  </a> <!-- navigator-link  -->
                </li>
                <li>
                  <a href="#" class="navigator-link " panel-name="testlist-SmokeTestSuite">
                    <span class="test-stats">1 test</span>
                  </a> <!-- navigator-link  -->
                </li>
                <li>
                  <a href="#" class="navigator-link " panel-name="group-SmokeTestSuite">
                    <span>0 groups</span>
                  </a> <!-- navigator-link  -->
                </li>
                <li>
                  <a href="#" class="navigator-link " panel-name="times-SmokeTestSuite">
                    <span>Times</span>
                  </a> <!-- navigator-link  -->
                </li>
                <li>
                  <a href="#" class="navigator-link " panel-name="reporter-SmokeTestSuite">
                    <span>Reporter output</span>
                  </a> <!-- navigator-link  -->
                </li>
                <li>
                  <a href="#" class="navigator-link " panel-name="ignored-methods-SmokeTestSuite">
                    <span>Ignored methods</span>
                  </a> <!-- navigator-link  -->
                </li>
                <li>
                  <a href="#" class="navigator-link " panel-name="chronological-SmokeTestSuite">
                    <span>Chronological view</span>
                  </a> <!-- navigator-link  -->
                </li>
              </ul>
            </div> <!-- suite-section-content -->
            <div class="result-section">
              <div class="suite-section-title">
                <span>Results</span>
              </div> <!-- suite-section-title -->
              <div class="suite-section-content">
                <ul>
                  <li>
                    <span class="method-stats">27 methods, 10 failed,   17 passed</span>
                  </li>
                  <li>
                    <span class="method-list-title failed">Failed methods</span>
                    <span class="show-or-hide-methods failed">
                      <a href="#" panel-name="suite-SmokeTestSuite" class="hide-methods failed suite-SmokeTestSuite"> (hide)</a> <!-- hide-methods failed suite-SmokeTestSuite -->
                      <a href="#" panel-name="suite-SmokeTestSuite" class="show-methods failed suite-SmokeTestSuite"> (show)</a> <!-- show-methods failed suite-SmokeTestSuite -->
                    </span>
                    <div class="method-list-content failed suite-SmokeTestSuite">
                      <span>
                        <img width="3%" src="failed.png"/>
                        <a href="#" class="method navigator-link" panel-name="suite-SmokeTestSuite" title="smokeTest.ValidateSmokeTest" hash-for-method="ValidateAllProduct">ValidateAllProduct</a> <!-- method navigator-link -->
                      </span>
                      <br/>
                      <span>
                        <img width="3%" src="failed.png"/>
                        <a href="#" class="method navigator-link" panel-name="suite-SmokeTestSuite" title="smokeTest.ValidateSmokeTest" hash-for-method="ValidateAudioCablesCategory">ValidateAudioCablesCategory</a> <!-- method navigator-link -->
                      </span>
                      <br/>
                      <span>
                        <img width="3%" src="failed.png"/>
                        <a href="#" class="method navigator-link" panel-name="suite-SmokeTestSuite" title="smokeTest.ValidateSmokeTest" hash-for-method="ValidateCalendarPage">ValidateCalendarPage</a> <!-- method navigator-link -->
                      </span>
                      <br/>
                      <span>
                        <img width="3%" src="failed.png"/>
                        <a href="#" class="method navigator-link" panel-name="suite-SmokeTestSuite" title="smokeTest.ValidateSmokeTest" hash-for-method="ValidateCheckoutProcess">ValidateCheckoutProcess</a> <!-- method navigator-link -->
                      </span>
                      <br/>
                      <span>
                        <img width="3%" src="failed.png"/>
                        <a href="#" class="method navigator-link" panel-name="suite-SmokeTestSuite" title="smokeTest.ValidateSmokeTest" hash-for-method="ValidateComparePage">ValidateComparePage</a> <!-- method navigator-link -->
                      </span>
                      <br/>
                      <span>
                        <img width="3%" src="failed.png"/>
                        <a href="#" class="method navigator-link" panel-name="suite-SmokeTestSuite" title="smokeTest.ValidateSmokeTest" hash-for-method="ValidateMyProfNavigation">ValidateMyProfNavigation</a> <!-- method navigator-link -->
                      </span>
                      <br/>
                      <span>
                        <img width="3%" src="failed.png"/>
                        <a href="#" class="method navigator-link" panel-name="suite-SmokeTestSuite" title="smokeTest.ValidateSmokeTest" hash-for-method="ValidatePAEmail">ValidatePAEmail</a> <!-- method navigator-link -->
                      </span>
                      <br/>
                      <span>
                        <img width="3%" src="failed.png"/>
                        <a href="#" class="method navigator-link" panel-name="suite-SmokeTestSuite" title="smokeTest.ValidateSmokeTest" hash-for-method="ValidatePAPage">ValidatePAPage</a> <!-- method navigator-link -->
                      </span>
                      <br/>
                      <span>
                        <img width="3%" src="failed.png"/>
                        <a href="#" class="method navigator-link" panel-name="suite-SmokeTestSuite" title="smokeTest.ValidateSmokeTest" hash-for-method="ValidateSavedReports">ValidateSavedReports</a> <!-- method navigator-link -->
                      </span>
                      <br/>
                      <span>
                        <img width="3%" src="failed.png"/>
                        <a href="#" class="method navigator-link" panel-name="suite-SmokeTestSuite" title="smokeTest.ValidateSmokeTest" hash-for-method="ValidateStandardsCatalogDetail">ValidateStandardsCatalogDetail</a> <!-- method navigator-link -->
                      </span>
                      <br/>
                    </div> <!-- method-list-content failed suite-SmokeTestSuite -->
                  </li>
                  <li>
                    <span class="method-list-title passed">Passed methods</span>
                    <span class="show-or-hide-methods passed">
                      <a href="#" panel-name="suite-SmokeTestSuite" class="hide-methods passed suite-SmokeTestSuite"> (hide)</a> <!-- hide-methods passed suite-SmokeTestSuite -->
                      <a href="#" panel-name="suite-SmokeTestSuite" class="show-methods passed suite-SmokeTestSuite"> (show)</a> <!-- show-methods passed suite-SmokeTestSuite -->
                    </span>
                    <div class="method-list-content passed suite-SmokeTestSuite">
                      <span>
                        <img width="3%" src="passed.png"/>
                        <a href="#" class="method navigator-link" panel-name="suite-SmokeTestSuite" title="smokeTest.ValidateSmokeTest" hash-for-method="ValidateAddToCart">ValidateAddToCart</a> <!-- method navigator-link -->
                      </span>
                      <br/>
                      <span>
                        <img width="3%" src="passed.png"/>
                        <a href="#" class="method navigator-link" panel-name="suite-SmokeTestSuite" title="smokeTest.ValidateSmokeTest" hash-for-method="ValidateCartPage">ValidateCartPage</a> <!-- method navigator-link -->
                      </span>
                      <br/>
                      <span>
                        <img width="3%" src="passed.png"/>
                        <a href="#" class="method navigator-link" panel-name="suite-SmokeTestSuite" title="smokeTest.ValidateSmokeTest" hash-for-method="ValidateCheckoutFooterLogo">ValidateCheckoutFooterLogo</a> <!-- method navigator-link -->
                      </span>
                      <br/>
                      <span>
                        <img width="3%" src="passed.png"/>
                        <a href="#" class="method navigator-link" panel-name="suite-SmokeTestSuite" title="smokeTest.ValidateSmokeTest" hash-for-method="ValidateCheckoutHeaderLogo">ValidateCheckoutHeaderLogo</a> <!-- method navigator-link -->
                      </span>
                      <br/>
                      <span>
                        <img width="3%" src="passed.png"/>
                        <a href="#" class="method navigator-link" panel-name="suite-SmokeTestSuite" title="smokeTest.ValidateSmokeTest" hash-for-method="ValidateFavoriteIcon">ValidateFavoriteIcon</a> <!-- method navigator-link -->
                      </span>
                      <br/>
                      <span>
                        <img width="3%" src="passed.png"/>
                        <a href="#" class="method navigator-link" panel-name="suite-SmokeTestSuite" title="smokeTest.ValidateSmokeTest" hash-for-method="ValidateFooterLinks">ValidateFooterLinks</a> <!-- method navigator-link -->
                      </span>
                      <br/>
                      <span>
                        <img width="3%" src="passed.png"/>
                        <a href="#" class="method navigator-link" panel-name="suite-SmokeTestSuite" title="smokeTest.ValidateSmokeTest" hash-for-method="ValidateFooterLogo">ValidateFooterLogo</a> <!-- method navigator-link -->
                      </span>
                      <br/>
                      <span>
                        <img width="3%" src="passed.png"/>
                        <a href="#" class="method navigator-link" panel-name="suite-SmokeTestSuite" title="smokeTest.ValidateSmokeTest" hash-for-method="ValidateHeaderLogo">ValidateHeaderLogo</a> <!-- method navigator-link -->
                      </span>
                      <br/>
                      <span>
                        <img width="3%" src="passed.png"/>
                        <a href="#" class="method navigator-link" panel-name="suite-SmokeTestSuite" title="smokeTest.ValidateSmokeTest" hash-for-method="ValidateLogin">ValidateLogin</a> <!-- method navigator-link -->
                      </span>
                      <br/>
                      <span>
                        <img width="3%" src="passed.png"/>
                        <a href="#" class="method navigator-link" panel-name="suite-SmokeTestSuite" title="smokeTest.ValidateSmokeTest" hash-for-method="ValidatePDPandAddToCart">ValidatePDPandAddToCart</a> <!-- method navigator-link -->
                      </span>
                      <br/>
                      <span>
                        <img width="3%" src="passed.png"/>
                        <a href="#" class="method navigator-link" panel-name="suite-SmokeTestSuite" title="smokeTest.ValidateSmokeTest" hash-for-method="ValidateRecentViewLink">ValidateRecentViewLink</a> <!-- method navigator-link -->
                      </span>
                      <br/>
                      <span>
                        <img width="3%" src="passed.png"/>
                        <a href="#" class="method navigator-link" panel-name="suite-SmokeTestSuite" title="smokeTest.ValidateSmokeTest" hash-for-method="ValidateResources">ValidateResources</a> <!-- method navigator-link -->
                      </span>
                      <br/>
                      <span>
                        <img width="3%" src="passed.png"/>
                        <a href="#" class="method navigator-link" panel-name="suite-SmokeTestSuite" title="smokeTest.ValidateSmokeTest" hash-for-method="ValidateSearching">ValidateSearching</a> <!-- method navigator-link -->
                      </span>
                      <br/>
                      <span>
                        <img width="3%" src="passed.png"/>
                        <a href="#" class="method navigator-link" panel-name="suite-SmokeTestSuite" title="smokeTest.ValidateSmokeTest" hash-for-method="ValidateSpecialOffer">ValidateSpecialOffer</a> <!-- method navigator-link -->
                      </span>
                      <br/>
                      <span>
                        <img width="3%" src="passed.png"/>
                        <a href="#" class="method navigator-link" panel-name="suite-SmokeTestSuite" title="smokeTest.ValidateSmokeTest" hash-for-method="ValidateStandardsCatalog">ValidateStandardsCatalog</a> <!-- method navigator-link -->
                      </span>
                      <br/>
                      <span>
                        <img width="3%" src="passed.png"/>
                        <a href="#" class="method navigator-link" panel-name="suite-SmokeTestSuite" title="smokeTest.ValidateSmokeTest" hash-for-method="ValidateTrackpage">ValidateTrackpage</a> <!-- method navigator-link -->
                      </span>
                      <br/>
                      <span>
                        <img width="3%" src="passed.png"/>
                        <a href="#" class="method navigator-link" panel-name="suite-SmokeTestSuite" title="smokeTest.ValidateSmokeTest" hash-for-method="ValidateordersPage">ValidateordersPage</a> <!-- method navigator-link -->
                      </span>
                      <br/>
                    </div> <!-- method-list-content passed suite-SmokeTestSuite -->
                  </li>
                </ul>
              </div> <!-- suite-section-content -->
            </div> <!-- result-section -->
          </div> <!-- navigator-suite-content -->
        </div> <!-- rounded-window -->
      </div> <!-- suite -->
    </div> <!-- navigator-root -->
    <div class="wrapper">
      <div class="main-panel-root">
        <div panel-name="suite-SmokeTestSuite" class="panel SmokeTestSuite">
          <div class="suite-SmokeTestSuite-class-failed">
            <div class="main-panel-header rounded-window-top">
              <img src="failed.png"/>
              <span class="class-name">smokeTest.ValidateSmokeTest</span>
            </div> <!-- main-panel-header rounded-window-top -->
            <div class="main-panel-content rounded-window-bottom">
              <div class="method">
                <div class="method-content">
                  <a name="ValidateAllProduct">
                  </a> <!-- ValidateAllProduct -->
                  <span class="method-name">ValidateAllProduct</span>
                  <div class="stack-trace">java.lang.AssertionError: expected [All Products - MarkITplace] but found [Standard Products - MarkITplace]
	at smokeTest.ValidateSmokeTest.ValidateAllProduct(ValidateSmokeTest.java:494)
... Removed 31 stack frames
</div> <!-- stack-trace -->
                </div> <!-- method-content -->
              </div> <!-- method -->
              <div class="method">
                <div class="method-content">
                  <a name="ValidateAudioCablesCategory">
                  </a> <!-- ValidateAudioCablesCategory -->
                  <span class="method-name">ValidateAudioCablesCategory</span>
                  <div class="stack-trace">org.openqa.selenium.NoSuchElementException: no such element: Unable to locate element: {&quot;method&quot;:&quot;link text&quot;,&quot;selector&quot;:&quot;Audio Cables&quot;}
  (Session info: chrome=78.0.3904.97)
For documentation on this error, please visit: https://www.seleniumhq.org/exceptions/no_such_element.html
Build info: version: &apos;3.141.59&apos;, revision: &apos;e82be7d358&apos;, time: &apos;2018-11-14T08:17:03&apos;
System info: host: &apos;ARP-260&apos;, ip: &apos;192.168.56.1&apos;, os.name: &apos;Windows 10&apos;, os.arch: &apos;amd64&apos;, os.version: &apos;10.0&apos;, java.version: &apos;1.8.0_231&apos;
Driver info: org.openqa.selenium.chrome.ChromeDriver
Capabilities {acceptInsecureCerts: false, browserName: chrome, browserVersion: 78.0.3904.97, chrome: {chromedriverVersion: 78.0.3904.70 (edb9c9f3de024..., userDataDir: C:\Users\SAIMA~1.TAB\AppDat...}, goog:chromeOptions: {debuggerAddress: localhost:51617}, javascriptEnabled: true, networkConnectionEnabled: false, pageLoadStrategy: normal, platform: XP, platformName: XP, proxy: Proxy(), setWindowRect: true, strictFileInteractability: false, timeouts: {implicit: 0, pageLoad: 300000, script: 30000}, unhandledPromptBehavior: dismiss and notify}
Session ID: e6366cd6f093f6eda4744333a5e3ca41
*** Element info: {Using=link text, value=Audio Cables}
	at org.openqa.selenium.remote.http.W3CHttpResponseCodec.createException(W3CHttpResponseCodec.java:187)
	at org.openqa.selenium.remote.http.W3CHttpResponseCodec.decode(W3CHttpResponseCodec.java:122)
	at org.openqa.selenium.remote.http.W3CHttpResponseCodec.decode(W3CHttpResponseCodec.java:49)
	at org.openqa.selenium.remote.HttpCommandExecutor.execute(HttpCommandExecutor.java:158)
	at org.openqa.selenium.remote.service.DriverCommandExecutor.execute(DriverCommandExecutor.java:83)
	at org.openqa.selenium.remote.RemoteWebDriver.execute(RemoteWebDriver.java:552)
	at org.openqa.selenium.remote.RemoteWebDriver.findElement(RemoteWebDriver.java:323)
	at org.openqa.selenium.remote.RemoteWebDriver.findElementByLinkText(RemoteWebDriver.java:380)
	at org.openqa.selenium.By$ByLinkText.findElement(By.java:220)
	at org.openqa.selenium.remote.RemoteWebDriver.findElement(RemoteWebDriver.java:315)
	at pageObjects.AllProducts.getAudioCables(AllProducts.java:24)
	at smokeTest.ValidateSmokeTest.ValidateAudioCablesCategory(ValidateSmokeTest.java:501)
... Removed 29 stack frames
</div> <!-- stack-trace -->
                </div> <!-- method-content -->
              </div> <!-- method -->
              <div class="method">
                <div class="method-content">
                  <a name="ValidateCalendarPage">
                  </a> <!-- ValidateCalendarPage -->
                  <span class="method-name">ValidateCalendarPage</span>
                  <div class="stack-trace">org.openqa.selenium.NoSuchElementException: no such element: Unable to locate element: {&quot;method&quot;:&quot;link text&quot;,&quot;selector&quot;:&quot;TRACK&quot;}
  (Session info: chrome=78.0.3904.97)
For documentation on this error, please visit: https://www.seleniumhq.org/exceptions/no_such_element.html
Build info: version: &apos;3.141.59&apos;, revision: &apos;e82be7d358&apos;, time: &apos;2018-11-14T08:17:03&apos;
System info: host: &apos;ARP-260&apos;, ip: &apos;192.168.56.1&apos;, os.name: &apos;Windows 10&apos;, os.arch: &apos;amd64&apos;, os.version: &apos;10.0&apos;, java.version: &apos;1.8.0_231&apos;
Driver info: org.openqa.selenium.chrome.ChromeDriver
Capabilities {acceptInsecureCerts: false, browserName: chrome, browserVersion: 78.0.3904.97, chrome: {chromedriverVersion: 78.0.3904.70 (edb9c9f3de024..., userDataDir: C:\Users\SAIMA~1.TAB\AppDat...}, goog:chromeOptions: {debuggerAddress: localhost:51617}, javascriptEnabled: true, networkConnectionEnabled: false, pageLoadStrategy: normal, platform: XP, platformName: XP, proxy: Proxy(), setWindowRect: true, strictFileInteractability: false, timeouts: {implicit: 0, pageLoad: 300000, script: 30000}, unhandledPromptBehavior: dismiss and notify}
Session ID: e6366cd6f093f6eda4744333a5e3ca41
*** Element info: {Using=link text, value=TRACK}
	at org.openqa.selenium.remote.http.W3CHttpResponseCodec.createException(W3CHttpResponseCodec.java:187)
	at org.openqa.selenium.remote.http.W3CHttpResponseCodec.decode(W3CHttpResponseCodec.java:122)
	at org.openqa.selenium.remote.http.W3CHttpResponseCodec.decode(W3CHttpResponseCodec.java:49)
	at org.openqa.selenium.remote.HttpCommandExecutor.execute(HttpCommandExecutor.java:158)
	at org.openqa.selenium.remote.service.DriverCommandExecutor.execute(DriverCommandExecutor.java:83)
	at org.openqa.selenium.remote.RemoteWebDriver.execute(RemoteWebDriver.java:552)
	at org.openqa.selenium.remote.RemoteWebDriver.findElement(RemoteWebDriver.java:323)
	at org.openqa.selenium.remote.RemoteWebDriver.findElementByLinkText(RemoteWebDriver.java:380)
	at org.openqa.selenium.By$ByLinkText.findElement(By.java:220)
	at org.openqa.selenium.remote.RemoteWebDriver.findElement(RemoteWebDriver.java:315)
	at pageObjects.Header.getTrackBtn(Header.java:153)
	at smokeTest.ValidateSmokeTest.ValidateCalendarPage(ValidateSmokeTest.java:993)
... Removed 29 stack frames
</div> <!-- stack-trace -->
                </div> <!-- method-content -->
              </div> <!-- method -->
              <div class="method">
                <div class="method-content">
                  <a name="ValidateCheckoutProcess">
                  </a> <!-- ValidateCheckoutProcess -->
                  <span class="method-name">ValidateCheckoutProcess</span>
                  <div class="stack-trace">org.openqa.selenium.NoSuchElementException: no such element: Unable to locate element: {&quot;method&quot;:&quot;xpath&quot;,&quot;selector&quot;:&quot;//li[contains(text(),&apos;Cali7, 4050 Taylor St , SAN DIEGO, CA, 921102737, 5555555555,&apos;)]&quot;}
  (Session info: chrome=78.0.3904.97)
For documentation on this error, please visit: https://www.seleniumhq.org/exceptions/no_such_element.html
Build info: version: &apos;3.141.59&apos;, revision: &apos;e82be7d358&apos;, time: &apos;2018-11-14T08:17:03&apos;
System info: host: &apos;ARP-260&apos;, ip: &apos;192.168.56.1&apos;, os.name: &apos;Windows 10&apos;, os.arch: &apos;amd64&apos;, os.version: &apos;10.0&apos;, java.version: &apos;1.8.0_231&apos;
Driver info: org.openqa.selenium.chrome.ChromeDriver
Capabilities {acceptInsecureCerts: false, browserName: chrome, browserVersion: 78.0.3904.97, chrome: {chromedriverVersion: 78.0.3904.70 (edb9c9f3de024..., userDataDir: C:\Users\SAIMA~1.TAB\AppDat...}, goog:chromeOptions: {debuggerAddress: localhost:51617}, javascriptEnabled: true, networkConnectionEnabled: false, pageLoadStrategy: normal, platform: XP, platformName: XP, proxy: Proxy(), setWindowRect: true, strictFileInteractability: false, timeouts: {implicit: 0, pageLoad: 300000, script: 30000}, unhandledPromptBehavior: dismiss and notify}
Session ID: e6366cd6f093f6eda4744333a5e3ca41
*** Element info: {Using=xpath, value=//li[contains(text(),&apos;Cali7, 4050 Taylor St , SAN DIEGO, CA, 921102737, 5555555555,&apos;)]}
	at org.openqa.selenium.remote.http.W3CHttpResponseCodec.createException(W3CHttpResponseCodec.java:187)
	at org.openqa.selenium.remote.http.W3CHttpResponseCodec.decode(W3CHttpResponseCodec.java:122)
	at org.openqa.selenium.remote.http.W3CHttpResponseCodec.decode(W3CHttpResponseCodec.java:49)
	at org.openqa.selenium.remote.HttpCommandExecutor.execute(HttpCommandExecutor.java:158)
	at org.openqa.selenium.remote.service.DriverCommandExecutor.execute(DriverCommandExecutor.java:83)
	at org.openqa.selenium.remote.RemoteWebDriver.execute(RemoteWebDriver.java:552)
	at org.openqa.selenium.remote.RemoteWebDriver.findElement(RemoteWebDriver.java:323)
	at org.openqa.selenium.remote.RemoteWebDriver.findElementByXPath(RemoteWebDriver.java:428)
	at org.openqa.selenium.By$ByXPath.findElement(By.java:353)
	at org.openqa.selenium.remote.RemoteWebDriver.findElement(RemoteWebDriver.java:315)
	at pageObjects.CheckoutPage.getShippingAddValue(CheckoutPage.java:86)
	at smokeTest.ValidateSmokeTest.ValidateCheckoutProcess(ValidateSmokeTest.java:631)
... Removed 29 stack frames
</div> <!-- stack-trace -->
                </div> <!-- method-content -->
              </div> <!-- method -->
              <div class="method">
                <div class="method-content">
                  <a name="ValidateComparePage">
                  </a> <!-- ValidateComparePage -->
                  <span class="method-name">ValidateComparePage</span>
                  <div class="stack-trace">java.lang.AssertionError: expected [Product Compare - MarkITplace] but found [null]
	at smokeTest.ValidateSmokeTest.ValidateComparePage(ValidateSmokeTest.java:1593)
... Removed 31 stack frames
</div> <!-- stack-trace -->
                </div> <!-- method-content -->
              </div> <!-- method -->
              <div class="method">
                <div class="method-content">
                  <a name="ValidateMyProfNavigation">
                  </a> <!-- ValidateMyProfNavigation -->
                  <span class="method-name">ValidateMyProfNavigation</span>
                  <div class="stack-trace">java.lang.AssertionError: expected [My Profile - MarkITplace] but found [Standard Products - MarkITplace]
	at smokeTest.ValidateSmokeTest.ValidateMyProfNavigation(ValidateSmokeTest.java:382)
... Removed 31 stack frames
</div> <!-- stack-trace -->
                </div> <!-- method-content -->
              </div> <!-- method -->
              <div class="method">
                <div class="method-content">
                  <a name="ValidatePAEmail">
                  </a> <!-- ValidatePAEmail -->
                  <span class="method-name">ValidatePAEmail</span>
                  <div class="stack-trace">org.openqa.selenium.NoSuchElementException: no such element: Unable to locate element: {&quot;method&quot;:&quot;link text&quot;,&quot;selector&quot;:&quot;Email&quot;}
  (Session info: chrome=78.0.3904.97)
For documentation on this error, please visit: https://www.seleniumhq.org/exceptions/no_such_element.html
Build info: version: &apos;3.141.59&apos;, revision: &apos;e82be7d358&apos;, time: &apos;2018-11-14T08:17:03&apos;
System info: host: &apos;ARP-260&apos;, ip: &apos;192.168.56.1&apos;, os.name: &apos;Windows 10&apos;, os.arch: &apos;amd64&apos;, os.version: &apos;10.0&apos;, java.version: &apos;1.8.0_231&apos;
Driver info: org.openqa.selenium.chrome.ChromeDriver
Capabilities {acceptInsecureCerts: false, browserName: chrome, browserVersion: 78.0.3904.97, chrome: {chromedriverVersion: 78.0.3904.70 (edb9c9f3de024..., userDataDir: C:\Users\SAIMA~1.TAB\AppDat...}, goog:chromeOptions: {debuggerAddress: localhost:51617}, javascriptEnabled: true, networkConnectionEnabled: false, pageLoadStrategy: normal, platform: XP, platformName: XP, proxy: Proxy(), setWindowRect: true, strictFileInteractability: false, timeouts: {implicit: 0, pageLoad: 300000, script: 30000}, unhandledPromptBehavior: dismiss and notify}
Session ID: e6366cd6f093f6eda4744333a5e3ca41
*** Element info: {Using=link text, value=Email}
	at org.openqa.selenium.remote.http.W3CHttpResponseCodec.createException(W3CHttpResponseCodec.java:187)
	at org.openqa.selenium.remote.http.W3CHttpResponseCodec.decode(W3CHttpResponseCodec.java:122)
	at org.openqa.selenium.remote.http.W3CHttpResponseCodec.decode(W3CHttpResponseCodec.java:49)
	at org.openqa.selenium.remote.HttpCommandExecutor.execute(HttpCommandExecutor.java:158)
	at org.openqa.selenium.remote.service.DriverCommandExecutor.execute(DriverCommandExecutor.java:83)
	at org.openqa.selenium.remote.RemoteWebDriver.execute(RemoteWebDriver.java:552)
	at org.openqa.selenium.remote.RemoteWebDriver.findElement(RemoteWebDriver.java:323)
	at org.openqa.selenium.remote.RemoteWebDriver.findElementByLinkText(RemoteWebDriver.java:380)
	at org.openqa.selenium.By$ByLinkText.findElement(By.java:220)
	at org.openqa.selenium.remote.RemoteWebDriver.findElement(RemoteWebDriver.java:315)
	at pageObjects.PurchaseAnalysis.getEmail(PurchaseAnalysis.java:61)
	at smokeTest.ValidateSmokeTest.ValidatePAEmail(ValidateSmokeTest.java:908)
... Removed 29 stack frames
</div> <!-- stack-trace -->
                </div> <!-- method-content -->
              </div> <!-- method -->
              <div class="method">
                <div class="method-content">
                  <a name="ValidatePAPage">
                  </a> <!-- ValidatePAPage -->
                  <span class="method-name">ValidatePAPage</span>
                  <div class="stack-trace">org.openqa.selenium.NoSuchElementException: no such element: Unable to locate element: {&quot;method&quot;:&quot;xpath&quot;,&quot;selector&quot;:&quot;//a[@class=&apos;top-link&apos;][contains(text(),&apos;Purchase Analysis&apos;)]&quot;}
  (Session info: chrome=78.0.3904.97)
For documentation on this error, please visit: https://www.seleniumhq.org/exceptions/no_such_element.html
Build info: version: &apos;3.141.59&apos;, revision: &apos;e82be7d358&apos;, time: &apos;2018-11-14T08:17:03&apos;
System info: host: &apos;ARP-260&apos;, ip: &apos;192.168.56.1&apos;, os.name: &apos;Windows 10&apos;, os.arch: &apos;amd64&apos;, os.version: &apos;10.0&apos;, java.version: &apos;1.8.0_231&apos;
Driver info: org.openqa.selenium.chrome.ChromeDriver
Capabilities {acceptInsecureCerts: false, browserName: chrome, browserVersion: 78.0.3904.97, chrome: {chromedriverVersion: 78.0.3904.70 (edb9c9f3de024..., userDataDir: C:\Users\SAIMA~1.TAB\AppDat...}, goog:chromeOptions: {debuggerAddress: localhost:51617}, javascriptEnabled: true, networkConnectionEnabled: false, pageLoadStrategy: normal, platform: XP, platformName: XP, proxy: Proxy(), setWindowRect: true, strictFileInteractability: false, timeouts: {implicit: 0, pageLoad: 300000, script: 30000}, unhandledPromptBehavior: dismiss and notify}
Session ID: e6366cd6f093f6eda4744333a5e3ca41
*** Element info: {Using=xpath, value=//a[@class=&apos;top-link&apos;][contains(text(),&apos;Purchase Analysis&apos;)]}
	at org.openqa.selenium.remote.http.W3CHttpResponseCodec.createException(W3CHttpResponseCodec.java:187)
	at org.openqa.selenium.remote.http.W3CHttpResponseCodec.decode(W3CHttpResponseCodec.java:122)
	at org.openqa.selenium.remote.http.W3CHttpResponseCodec.decode(W3CHttpResponseCodec.java:49)
	at org.openqa.selenium.remote.HttpCommandExecutor.execute(HttpCommandExecutor.java:158)
	at org.openqa.selenium.remote.service.DriverCommandExecutor.execute(DriverCommandExecutor.java:83)
	at org.openqa.selenium.remote.RemoteWebDriver.execute(RemoteWebDriver.java:552)
	at org.openqa.selenium.remote.RemoteWebDriver.findElement(RemoteWebDriver.java:323)
	at org.openqa.selenium.remote.RemoteWebDriver.findElementByXPath(RemoteWebDriver.java:428)
	at org.openqa.selenium.By$ByXPath.findElement(By.java:353)
	at org.openqa.selenium.remote.RemoteWebDriver.findElement(RemoteWebDriver.java:315)
	at pageObjects.Header.getPAnalysisBtn(Header.java:92)
	at smokeTest.ValidateSmokeTest.ValidatePAPage(ValidateSmokeTest.java:881)
... Removed 29 stack frames
</div> <!-- stack-trace -->
                </div> <!-- method-content -->
              </div> <!-- method -->
              <div class="method">
                <div class="method-content">
                  <a name="ValidateSavedReports">
                  </a> <!-- ValidateSavedReports -->
                  <span class="method-name">ValidateSavedReports</span>
                  <div class="stack-trace">org.openqa.selenium.NoSuchElementException: no such element: Unable to locate element: {&quot;method&quot;:&quot;xpath&quot;,&quot;selector&quot;:&quot;//a[@class=&apos;my-reports&apos;]&quot;}
  (Session info: chrome=78.0.3904.97)
For documentation on this error, please visit: https://www.seleniumhq.org/exceptions/no_such_element.html
Build info: version: &apos;3.141.59&apos;, revision: &apos;e82be7d358&apos;, time: &apos;2018-11-14T08:17:03&apos;
System info: host: &apos;ARP-260&apos;, ip: &apos;192.168.56.1&apos;, os.name: &apos;Windows 10&apos;, os.arch: &apos;amd64&apos;, os.version: &apos;10.0&apos;, java.version: &apos;1.8.0_231&apos;
Driver info: org.openqa.selenium.chrome.ChromeDriver
Capabilities {acceptInsecureCerts: false, browserName: chrome, browserVersion: 78.0.3904.97, chrome: {chromedriverVersion: 78.0.3904.70 (edb9c9f3de024..., userDataDir: C:\Users\SAIMA~1.TAB\AppDat...}, goog:chromeOptions: {debuggerAddress: localhost:51617}, javascriptEnabled: true, networkConnectionEnabled: false, pageLoadStrategy: normal, platform: XP, platformName: XP, proxy: Proxy(), setWindowRect: true, strictFileInteractability: false, timeouts: {implicit: 0, pageLoad: 300000, script: 30000}, unhandledPromptBehavior: dismiss and notify}
Session ID: e6366cd6f093f6eda4744333a5e3ca41
*** Element info: {Using=xpath, value=//a[@class=&apos;my-reports&apos;]}
	at org.openqa.selenium.remote.http.W3CHttpResponseCodec.createException(W3CHttpResponseCodec.java:187)
	at org.openqa.selenium.remote.http.W3CHttpResponseCodec.decode(W3CHttpResponseCodec.java:122)
	at org.openqa.selenium.remote.http.W3CHttpResponseCodec.decode(W3CHttpResponseCodec.java:49)
	at org.openqa.selenium.remote.HttpCommandExecutor.execute(HttpCommandExecutor.java:158)
	at org.openqa.selenium.remote.service.DriverCommandExecutor.execute(DriverCommandExecutor.java:83)
	at org.openqa.selenium.remote.RemoteWebDriver.execute(RemoteWebDriver.java:552)
	at org.openqa.selenium.remote.RemoteWebDriver.findElement(RemoteWebDriver.java:323)
	at org.openqa.selenium.remote.RemoteWebDriver.findElementByXPath(RemoteWebDriver.java:428)
	at org.openqa.selenium.By$ByXPath.findElement(By.java:353)
	at org.openqa.selenium.remote.RemoteWebDriver.findElement(RemoteWebDriver.java:315)
	at pageObjects.TrackPage.getSavedReports(TrackPage.java:203)
	at smokeTest.ValidateSmokeTest.ValidateSavedReports(ValidateSmokeTest.java:1540)
... Removed 29 stack frames
</div> <!-- stack-trace -->
                </div> <!-- method-content -->
              </div> <!-- method -->
              <div class="method">
                <div class="method-content">
                  <a name="ValidateStandardsCatalogDetail">
                  </a> <!-- ValidateStandardsCatalogDetail -->
                  <span class="method-name">ValidateStandardsCatalogDetail</span>
                  <div class="stack-trace">java.lang.AssertionError: expected [HP Officejet Pro 8710 All-in-One - Multifunction printer - MarkITplace] but found [Standard Products - MarkITplace]
	at smokeTest.ValidateSmokeTest.ValidateStandardsCatalogDetail(ValidateSmokeTest.java:462)
... Removed 31 stack frames
</div> <!-- stack-trace -->
                </div> <!-- method-content -->
              </div> <!-- method -->
            </div> <!-- main-panel-content rounded-window-bottom -->
          </div> <!-- suite-SmokeTestSuite-class-failed -->
          <div class="suite-SmokeTestSuite-class-passed">
            <div class="main-panel-header rounded-window-top">
              <img src="passed.png"/>
              <span class="class-name">smokeTest.ValidateSmokeTest</span>
            </div> <!-- main-panel-header rounded-window-top -->
            <div class="main-panel-content rounded-window-bottom">
              <div class="method">
                <div class="method-content">
                  <a name="ValidateAddToCart">
                  </a> <!-- ValidateAddToCart -->
                  <span class="method-name">ValidateAddToCart</span>
                </div> <!-- method-content -->
              </div> <!-- method -->
              <div class="method">
                <div class="method-content">
                  <a name="ValidateCartPage">
                  </a> <!-- ValidateCartPage -->
                  <span class="method-name">ValidateCartPage</span>
                </div> <!-- method-content -->
              </div> <!-- method -->
              <div class="method">
                <div class="method-content">
                  <a name="ValidateCheckoutFooterLogo">
                  </a> <!-- ValidateCheckoutFooterLogo -->
                  <span class="method-name">ValidateCheckoutFooterLogo</span>
                </div> <!-- method-content -->
              </div> <!-- method -->
              <div class="method">
                <div class="method-content">
                  <a name="ValidateCheckoutHeaderLogo">
                  </a> <!-- ValidateCheckoutHeaderLogo -->
                  <span class="method-name">ValidateCheckoutHeaderLogo</span>
                </div> <!-- method-content -->
              </div> <!-- method -->
              <div class="method">
                <div class="method-content">
                  <a name="ValidateFavoriteIcon">
                  </a> <!-- ValidateFavoriteIcon -->
                  <span class="method-name">ValidateFavoriteIcon</span>
                </div> <!-- method-content -->
              </div> <!-- method -->
              <div class="method">
                <div class="method-content">
                  <a name="ValidateFooterLinks">
                  </a> <!-- ValidateFooterLinks -->
                  <span class="method-name">ValidateFooterLinks</span>
                </div> <!-- method-content -->
              </div> <!-- method -->
              <div class="method">
                <div class="method-content">
                  <a name="ValidateFooterLogo">
                  </a> <!-- ValidateFooterLogo -->
                  <span class="method-name">ValidateFooterLogo</span>
                </div> <!-- method-content -->
              </div> <!-- method -->
              <div class="method">
                <div class="method-content">
                  <a name="ValidateHeaderLogo">
                  </a> <!-- ValidateHeaderLogo -->
                  <span class="method-name">ValidateHeaderLogo</span>
                </div> <!-- method-content -->
              </div> <!-- method -->
              <div class="method">
                <div class="method-content">
                  <a name="ValidateLogin">
                  </a> <!-- ValidateLogin -->
                  <span class="method-name">ValidateLogin</span>
                </div> <!-- method-content -->
              </div> <!-- method -->
              <div class="method">
                <div class="method-content">
                  <a name="ValidatePDPandAddToCart">
                  </a> <!-- ValidatePDPandAddToCart -->
                  <span class="method-name">ValidatePDPandAddToCart</span>
                </div> <!-- method-content -->
              </div> <!-- method -->
              <div class="method">
                <div class="method-content">
                  <a name="ValidateRecentViewLink">
                  </a> <!-- ValidateRecentViewLink -->
                  <span class="method-name">ValidateRecentViewLink</span>
                </div> <!-- method-content -->
              </div> <!-- method -->
              <div class="method">
                <div class="method-content">
                  <a name="ValidateResources">
                  </a> <!-- ValidateResources -->
                  <span class="method-name">ValidateResources</span>
                </div> <!-- method-content -->
              </div> <!-- method -->
              <div class="method">
                <div class="method-content">
                  <a name="ValidateSearching">
                  </a> <!-- ValidateSearching -->
                  <span class="method-name">ValidateSearching</span>
                </div> <!-- method-content -->
              </div> <!-- method -->
              <div class="method">
                <div class="method-content">
                  <a name="ValidateSpecialOffer">
                  </a> <!-- ValidateSpecialOffer -->
                  <span class="method-name">ValidateSpecialOffer</span>
                </div> <!-- method-content -->
              </div> <!-- method -->
              <div class="method">
                <div class="method-content">
                  <a name="ValidateStandardsCatalog">
                  </a> <!-- ValidateStandardsCatalog -->
                  <span class="method-name">ValidateStandardsCatalog</span>
                </div> <!-- method-content -->
              </div> <!-- method -->
              <div class="method">
                <div class="method-content">
                  <a name="ValidateTrackpage">
                  </a> <!-- ValidateTrackpage -->
                  <span class="method-name">ValidateTrackpage</span>
                </div> <!-- method-content -->
              </div> <!-- method -->
              <div class="method">
                <div class="method-content">
                  <a name="ValidateordersPage">
                  </a> <!-- ValidateordersPage -->
                  <span class="method-name">ValidateordersPage</span>
                </div> <!-- method-content -->
              </div> <!-- method -->
            </div> <!-- main-panel-content rounded-window-bottom -->
          </div> <!-- suite-SmokeTestSuite-class-passed -->
        </div> <!-- panel SmokeTestSuite -->
        <div panel-name="test-xml-SmokeTestSuite" class="panel">
          <div class="main-panel-header rounded-window-top">
            <span class="header-content">D:\Workspace\Market-IT-Place\testng.xml</span>
          </div> <!-- main-panel-header rounded-window-top -->
          <div class="main-panel-content rounded-window-bottom">
            <pre>
&lt;?xml version=&quot;1.0&quot; encoding=&quot;UTF-8&quot;?&gt;
&lt;!DOCTYPE suite SYSTEM &quot;http://testng.org/testng-1.0.dtd&quot;&gt;
&lt;suite thread-count=&quot;-1&quot; guice-stage=&quot;DEVELOPMENT&quot; name=&quot;SmokeTestSuite&quot;&gt;
  &lt;listeners&gt;
    &lt;listener class-name=&quot;resources.listeners&quot;/&gt;
    &lt;listener class-name=&quot;resources.ExtentReporterNG&quot;/&gt;
  &lt;/listeners&gt;
  &lt;test name=&quot;ValidateSmokeTests&quot;&gt;
    &lt;classes&gt;
      &lt;class name=&quot;smokeTest.ValidateSmokeTest&quot;/&gt;
    &lt;/classes&gt;
  &lt;/test&gt; &lt;!-- ValidateSmokeTests --&gt;
&lt;/suite&gt; &lt;!-- SmokeTestSuite --&gt;
            </pre>
          </div> <!-- main-panel-content rounded-window-bottom -->
        </div> <!-- panel -->
        <div panel-name="testlist-SmokeTestSuite" class="panel">
          <div class="main-panel-header rounded-window-top">
            <span class="header-content">Tests for SmokeTestSuite</span>
          </div> <!-- main-panel-header rounded-window-top -->
          <div class="main-panel-content rounded-window-bottom">
            <ul>
              <li>
                <span class="test-name">ValidateSmokeTests (1 class)</span>
              </li>
            </ul>
          </div> <!-- main-panel-content rounded-window-bottom -->
        </div> <!-- panel -->
        <div panel-name="group-SmokeTestSuite" class="panel">
          <div class="main-panel-header rounded-window-top">
            <span class="header-content">Groups for SmokeTestSuite</span>
          </div> <!-- main-panel-header rounded-window-top -->
          <div class="main-panel-content rounded-window-bottom">
          </div> <!-- main-panel-content rounded-window-bottom -->
        </div> <!-- panel -->
        <div panel-name="times-SmokeTestSuite" class="panel">
          <div class="main-panel-header rounded-window-top">
            <span class="header-content">Times for SmokeTestSuite</span>
          </div> <!-- main-panel-header rounded-window-top -->
          <div class="main-panel-content rounded-window-bottom">
            <div class="times-div">
              <script type="text/javascript">
suiteTableInitFunctions.push('tableData_SmokeTestSuite');
function tableData_SmokeTestSuite() {
var data = new google.visualization.DataTable();
data.addColumn('number', 'Number');
data.addColumn('string', 'Method');
data.addColumn('string', 'Class');
data.addColumn('number', 'Time (ms)');
data.addRows(27);
data.setCell(0, 0, 0)
data.setCell(0, 1, 'ValidatePAPage')
data.setCell(0, 2, 'smokeTest.ValidateSmokeTest')
data.setCell(0, 3, 138898);
data.setCell(1, 0, 1)
data.setCell(1, 1, 'ValidateFooterLinks')
data.setCell(1, 2, 'smokeTest.ValidateSmokeTest')
data.setCell(1, 3, 105089);
data.setCell(2, 0, 2)
data.setCell(2, 1, 'ValidateLogin')
data.setCell(2, 2, 'smokeTest.ValidateSmokeTest')
data.setCell(2, 3, 41284);
data.setCell(3, 0, 3)
data.setCell(3, 1, 'ValidatePDPandAddToCart')
data.setCell(3, 2, 'smokeTest.ValidateSmokeTest')
data.setCell(3, 3, 33323);
data.setCell(4, 0, 4)
data.setCell(4, 1, 'ValidateCheckoutProcess')
data.setCell(4, 2, 'smokeTest.ValidateSmokeTest')
data.setCell(4, 3, 23729);
data.setCell(5, 0, 5)
data.setCell(5, 1, 'ValidateSearching')
data.setCell(5, 2, 'smokeTest.ValidateSmokeTest')
data.setCell(5, 3, 22777);
data.setCell(6, 0, 6)
data.setCell(6, 1, 'ValidateCheckoutHeaderLogo')
data.setCell(6, 2, 'smokeTest.ValidateSmokeTest')
data.setCell(6, 3, 22720);
data.setCell(7, 0, 7)
data.setCell(7, 1, 'ValidateRecentViewLink')
data.setCell(7, 2, 'smokeTest.ValidateSmokeTest')
data.setCell(7, 3, 22537);
data.setCell(8, 0, 8)
data.setCell(8, 1, 'ValidateordersPage')
data.setCell(8, 2, 'smokeTest.ValidateSmokeTest')
data.setCell(8, 3, 20705);
data.setCell(9, 0, 9)
data.setCell(9, 1, 'ValidateStandardsCatalogDetail')
data.setCell(9, 2, 'smokeTest.ValidateSmokeTest')
data.setCell(9, 3, 17199);
data.setCell(10, 0, 10)
data.setCell(10, 1, 'ValidateResources')
data.setCell(10, 2, 'smokeTest.ValidateSmokeTest')
data.setCell(10, 3, 17049);
data.setCell(11, 0, 11)
data.setCell(11, 1, 'ValidateFavoriteIcon')
data.setCell(11, 2, 'smokeTest.ValidateSmokeTest')
data.setCell(11, 3, 16211);
data.setCell(12, 0, 12)
data.setCell(12, 1, 'ValidateSpecialOffer')
data.setCell(12, 2, 'smokeTest.ValidateSmokeTest')
data.setCell(12, 3, 16018);
data.setCell(13, 0, 13)
data.setCell(13, 1, 'ValidateCartPage')
data.setCell(13, 2, 'smokeTest.ValidateSmokeTest')
data.setCell(13, 3, 14538);
data.setCell(14, 0, 14)
data.setCell(14, 1, 'ValidateCheckoutFooterLogo')
data.setCell(14, 2, 'smokeTest.ValidateSmokeTest')
data.setCell(14, 3, 12974);
data.setCell(15, 0, 15)
data.setCell(15, 1, 'ValidateAddToCart')
data.setCell(15, 2, 'smokeTest.ValidateSmokeTest')
data.setCell(15, 3, 11538);
data.setCell(16, 0, 16)
data.setCell(16, 1, 'ValidateMyProfNavigation')
data.setCell(16, 2, 'smokeTest.ValidateSmokeTest')
data.setCell(16, 3, 10330);
data.setCell(17, 0, 17)
data.setCell(17, 1, 'ValidateAudioCablesCategory')
data.setCell(17, 2, 'smokeTest.ValidateSmokeTest')
data.setCell(17, 3, 10097);
data.setCell(18, 0, 18)
data.setCell(18, 1, 'ValidatePAEmail')
data.setCell(18, 2, 'smokeTest.ValidateSmokeTest')
data.setCell(18, 3, 10077);
data.setCell(19, 0, 19)
data.setCell(19, 1, 'ValidateCalendarPage')
data.setCell(19, 2, 'smokeTest.ValidateSmokeTest')
data.setCell(19, 3, 10076);
data.setCell(20, 0, 20)
data.setCell(20, 1, 'ValidateComparePage')
data.setCell(20, 2, 'smokeTest.ValidateSmokeTest')
data.setCell(20, 3, 10058);
data.setCell(21, 0, 21)
data.setCell(21, 1, 'ValidateSavedReports')
data.setCell(21, 2, 'smokeTest.ValidateSmokeTest')
data.setCell(21, 3, 10054);
data.setCell(22, 0, 22)
data.setCell(22, 1, 'ValidateFooterLogo')
data.setCell(22, 2, 'smokeTest.ValidateSmokeTest')
data.setCell(22, 3, 9623);
data.setCell(23, 0, 23)
data.setCell(23, 1, 'ValidateTrackpage')
data.setCell(23, 2, 'smokeTest.ValidateSmokeTest')
data.setCell(23, 3, 7510);
data.setCell(24, 0, 24)
data.setCell(24, 1, 'ValidateAllProduct')
data.setCell(24, 2, 'smokeTest.ValidateSmokeTest')
data.setCell(24, 3, 5216);
data.setCell(25, 0, 25)
data.setCell(25, 1, 'ValidateHeaderLogo')
data.setCell(25, 2, 'smokeTest.ValidateSmokeTest')
data.setCell(25, 3, 5157);
data.setCell(26, 0, 26)
data.setCell(26, 1, 'ValidateStandardsCatalog')
data.setCell(26, 2, 'smokeTest.ValidateSmokeTest')
data.setCell(26, 3, 5144);
window.suiteTableData['SmokeTestSuite']= { tableData: data, tableDiv: 'times-div-SmokeTestSuite'}
return data;
}
              </script>
              <span class="suite-total-time">Total running time: 10 minutes</span>
              <div id="times-div-SmokeTestSuite">
              </div> <!-- times-div-SmokeTestSuite -->
            </div> <!-- times-div -->
          </div> <!-- main-panel-content rounded-window-bottom -->
        </div> <!-- panel -->
        <div panel-name="reporter-SmokeTestSuite" class="panel">
          <div class="main-panel-header rounded-window-top">
            <span class="header-content">Reporter output for SmokeTestSuite</span>
          </div> <!-- main-panel-header rounded-window-top -->
          <div class="main-panel-content rounded-window-bottom">
          </div> <!-- main-panel-content rounded-window-bottom -->
        </div> <!-- panel -->
        <div panel-name="ignored-methods-SmokeTestSuite" class="panel">
          <div class="main-panel-header rounded-window-top">
            <span class="header-content">4 ignored methods</span>
          </div> <!-- main-panel-header rounded-window-top -->
          <div class="main-panel-content rounded-window-bottom">
            <div class="ignored-class-div">
              <span class="ignored-class-name">smokeTest.ValidateSmokeTest</span>
              <div class="ignored-methods-div">
                <span class="ignored-method-name">ValidateRemoveFromCart</span>
                <br/>
                <span class="ignored-method-name">ValidateAddTofavorites</span>
                <br/>
                <span class="ignored-method-name">ValidateAllReportsLinks</span>
                <br/>
                <span class="ignored-method-name">ValidateCalendarLinks</span>
                <br/>
              </div> <!-- ignored-methods-div -->
            </div> <!-- ignored-class-div -->
          </div> <!-- main-panel-content rounded-window-bottom -->
        </div> <!-- panel -->
        <div panel-name="chronological-SmokeTestSuite" class="panel">
          <div class="main-panel-header rounded-window-top">
            <span class="header-content">Methods in chronological order</span>
          </div> <!-- main-panel-header rounded-window-top -->
          <div class="main-panel-content rounded-window-bottom">
            <div class="chronological-class">
              <div class="chronological-class-name">smokeTest.ValidateSmokeTest</div> <!-- chronological-class-name -->
              <div class="test-method">
                <span class="method-name">ValidateLogin</span>
                <span class="method-start">0 ms</span>
              </div> <!-- test-method -->
              <div class="test-method">
                <span class="method-name">ValidateFavoriteIcon</span>
                <span class="method-start">41292 ms</span>
              </div> <!-- test-method -->
              <div class="test-method">
                <span class="method-name">ValidateSearching</span>
                <span class="method-start">57512 ms</span>
              </div> <!-- test-method -->
              <div class="test-method">
                <span class="method-name">ValidateAddToCart</span>
                <span class="method-start">80289 ms</span>
              </div> <!-- test-method -->
              <div class="test-method">
                <span class="method-name">ValidatePDPandAddToCart</span>
                <span class="method-start">91836 ms</span>
              </div> <!-- test-method -->
              <div class="test-method">
                <span class="method-name">ValidateRecentViewLink</span>
                <span class="method-start">125163 ms</span>
              </div> <!-- test-method -->
              <div class="test-method">
                <span class="method-name">ValidateFooterLogo</span>
                <span class="method-start">147716 ms</span>
              </div> <!-- test-method -->
              <div class="test-method">
                <img src="failed.png">
                </img>
                <span class="method-name">ValidateMyProfNavigation</span>
                <span class="method-start">157342 ms</span>
              </div> <!-- test-method -->
              <div class="test-method">
                <span class="method-name">ValidateHeaderLogo</span>
                <span class="method-start">167672 ms</span>
              </div> <!-- test-method -->
              <div class="test-method">
                <span class="method-name">ValidateStandardsCatalog</span>
                <span class="method-start">172844 ms</span>
              </div> <!-- test-method -->
              <div class="test-method">
                <img src="failed.png">
                </img>
                <span class="method-name">ValidateStandardsCatalogDetail</span>
                <span class="method-start">177990 ms</span>
              </div> <!-- test-method -->
              <div class="test-method">
                <img src="failed.png">
                </img>
                <span class="method-name">ValidateAllProduct</span>
                <span class="method-start">195189 ms</span>
              </div> <!-- test-method -->
              <div class="test-method">
                <img src="failed.png">
                </img>
                <span class="method-name">ValidateAudioCablesCategory</span>
                <span class="method-start">200405 ms</span>
              </div> <!-- test-method -->
              <div class="test-method">
                <span class="method-name">ValidateResources</span>
                <span class="method-start">210502 ms</span>
              </div> <!-- test-method -->
              <div class="test-method">
                <span class="method-name">ValidateSpecialOffer</span>
                <span class="method-start">227553 ms</span>
              </div> <!-- test-method -->
              <div class="test-method">
                <span class="method-name">ValidateCartPage</span>
                <span class="method-start">243571 ms</span>
              </div> <!-- test-method -->
              <div class="test-method">
                <img src="failed.png">
                </img>
                <span class="method-name">ValidateCheckoutProcess</span>
                <span class="method-start">258111 ms</span>
              </div> <!-- test-method -->
              <div class="test-method">
                <span class="method-name">ValidateCheckoutHeaderLogo</span>
                <span class="method-start">281845 ms</span>
              </div> <!-- test-method -->
              <div class="test-method">
                <span class="method-name">ValidateCheckoutFooterLogo</span>
                <span class="method-start">304565 ms</span>
              </div> <!-- test-method -->
              <div class="test-method">
                <span class="method-name">ValidateFooterLinks</span>
                <span class="method-start">317540 ms</span>
              </div> <!-- test-method -->
              <div class="test-method">
                <span class="method-name">ValidateTrackpage</span>
                <span class="method-start">422633 ms</span>
              </div> <!-- test-method -->
              <div class="test-method">
                <span class="method-name">ValidateordersPage</span>
                <span class="method-start">430145 ms</span>
              </div> <!-- test-method -->
              <div class="test-method">
                <img src="failed.png">
                </img>
                <span class="method-name">ValidatePAPage</span>
                <span class="method-start">450850 ms</span>
              </div> <!-- test-method -->
              <div class="test-method">
                <img src="failed.png">
                </img>
                <span class="method-name">ValidatePAEmail</span>
                <span class="method-start">589748 ms</span>
              </div> <!-- test-method -->
              <div class="test-method">
                <img src="failed.png">
                </img>
                <span class="method-name">ValidateCalendarPage</span>
                <span class="method-start">599825 ms</span>
              </div> <!-- test-method -->
              <div class="test-method">
                <img src="failed.png">
                </img>
                <span class="method-name">ValidateSavedReports</span>
                <span class="method-start">609901 ms</span>
              </div> <!-- test-method -->
              <div class="test-method">
                <img src="failed.png">
                </img>
                <span class="method-name">ValidateComparePage</span>
                <span class="method-start">619955 ms</span>
              </div> <!-- test-method -->
              <div class="configuration-test after">
                <span class="method-name">closebrowser</span>
                <span class="method-start">630013 ms</span>
              </div> <!-- configuration-test after -->
          </div> <!-- main-panel-content rounded-window-bottom -->
        </div> <!-- panel -->
      </div> <!-- main-panel-root -->
    </div> <!-- wrapper -->
  </body>
</html>
